[0;34m[2025-09-01 14:44:14][0m 📦 Archiving results (total: 4859 domains)...
[0;32m[SUCCESS][0m 📦 Results archived to archive/2025-09-01_14-44-14
[0;34m[2025-09-01 14:44:14][0m 📝 Updating README with current statistics...
[0;34m[2025-09-01 14:44:14][0m 🔧 Performing git operations...
[0;34m[2025-09-01 14:44:14][0m 🚀 Pushing to GitHub...
[0;34m[2025-09-01 14:44:15][0m 📢 Sending notification...
[0;34m[2025-09-01 14:44:15][0m ✅ VPS-Only Pipeline Completed Successfully!
[0;34m[2025-09-01 14:52:19][0m 📦 Archiving results (total: 4859 domains)...
[0;32m[SUCCESS][0m 📦 Results archived to archive/2025-09-01_14-52-19
[0;34m[2025-09-01 14:52:19][0m 📝 Updating README with current statistics...
[0;34m[2025-09-01 14:52:19][0m 🔧 Performing git operations...
[0;34m[2025-09-01 14:52:19][0m 🚀 Pushing to GitHub...
[0;34m[2025-09-01 14:52:20][0m 📢 Sending notification...
[0;34m[2025-09-01 14:52:20][0m ✅ VPS-Only Pipeline Completed Successfully!
[0;34m[2025-09-01 15:03:12][0m 📝 Updating README with current statistics...
[0;34m[2025-09-01 15:03:12][0m 🔧 Performing git operations...
[0;34m[2025-09-01 15:03:12][0m 🚀 Pushing to GitHub...
[0;34m[2025-09-01 15:03:13][0m 📢 Sending notification...
[0;34m[2025-09-01 15:03:13][0m ✅ VPS-Only Pipeline Completed Successfully!
[0;34m[2025-09-01 15:15:24][0m 📦 Archiving results (total: 173 domains)...
[0;32m[SUCCESS][0m 📦 Results archived to archive/2025-09-01_15-15-24
[0;34m[2025-09-01 15:15:24][0m 📝 Updating README with current statistics...
[0;34m[2025-09-01 15:15:24][0m 🔧 Performing git operations...
[0;34m[2025-09-01 15:15:24][0m 🚀 Pushing to GitHub...
[0;34m[2025-09-01 15:15:25][0m 📢 Sending notification...
[0;34m[2025-09-01 15:15:25][0m ✅ VPS-Only Pipeline Completed Successfully!
[0;34m[2025-09-01 15:19:10][0m 📦 Archiving results (total: 173 domains)...
[0;32m[SUCCESS][0m 📦 Results archived to archive/2025-09-01_15-19-10
[0;34m[2025-09-01 15:19:10][0m 📝 Updating README with current statistics...
[0;34m[2025-09-01 15:19:10][0m 🔧 Performing git operations...
[0;34m[2025-09-01 15:19:10][0m 🚀 Pushing to GitHub...
[0;34m[2025-09-01 15:19:10][0m 📢 Sending notification...
[0;34m[2025-09-01 15:19:10][0m ✅ VPS-Only Pipeline Completed Successfully!
[0;34m[2025-09-01 15:30:06][0m 📦 Archiving results (total: 173 domains)...
[0;32m[SUCCESS][0m 📦 Results archived to archive/2025-09-01_15-30-06
[0;34m[2025-09-01 15:30:06][0m 📝 Updating README with current statistics...
[0;34m[2025-09-01 15:30:06][0m 🔧 Performing git operations...
[0;34m[2025-09-01 15:30:06][0m 🚀 Pushing to GitHub...
[0;34m[2025-09-01 15:30:06][0m 📢 Sending notification...
[0;34m[2025-09-01 15:30:06][0m ✅ VPS-Only Pipeline Completed Successfully!
[0;34m[2025-09-01 15:35:11][0m 📦 Archiving results (total: 173 domains)...
[0;32m[SUCCESS][0m 📦 Results archived to archive/2025-09-01_15-35-11
[0;34m[2025-09-01 15:35:11][0m 📝 Updating README with current statistics...
[0;34m[2025-09-01 15:35:11][0m 🔧 Performing git operations...
[0;34m[2025-09-01 15:35:11][0m 🚀 Pushing to GitHub...
[0;34m[2025-09-01 15:35:12][0m 📢 Sending notification...
[0;34m[2025-09-01 15:35:12][0m ✅ VPS-Only Pipeline Completed Successfully!
[0;34m[2025-09-01 15:50:52][0m 📦 Archiving results (total: 173 domains)...
[0;32m[SUCCESS][0m 📦 Results archived to archive/2025-09-01_15-50-52
[0;34m[2025-09-01 15:50:52][0m 📝 Updating README with current statistics...
[0;34m[2025-09-01 15:50:52][0m 🔧 Performing git operations...
[0;34m[2025-09-01 15:50:52][0m 🚀 Pushing to GitHub...
[0;34m[2025-09-01 15:50:53][0m 📢 Sending notification...
[0;34m[2025-09-01 15:50:53][0m ✅ VPS-Only Pipeline Completed Successfully!
[0;32m[SUCCESS][0m ✅ Changes committed
[0;32m[SUCCESS][0m 🚀 Changes pushed to GitHub
[0;32m[SUCCESS][0m ✅ Changes committed
[0;32m[SUCCESS][0m 🚀 Changes pushed to GitHub
[0;32m[SUCCESS][0m ✅ Changes committed
[0;32m[SUCCESS][0m 🚀 Changes pushed to GitHub
[0;32m[SUCCESS][0m ✅ Changes committed
[0;32m[SUCCESS][0m 🚀 Changes pushed to GitHub
[0;32m[SUCCESS][0m ✅ Changes committed
[0;32m[SUCCESS][0m 🚀 Changes pushed to GitHub
[0;32m[SUCCESS][0m ✅ Changes committed
[0;32m[SUCCESS][0m 🚀 Changes pushed to GitHub
[0;32m[SUCCESS][0m ✅ Changes committed
[0;32m[SUCCESS][0m 🚀 Changes pushed to GitHub
[0;32m[SUCCESS][0m ✅ Changes committed
[0;32m[SUCCESS][0m 🚀 Changes pushed to GitHub
[0;32m[SUCCESS][0m ✅ Changes committed
[0;32m[SUCCESS][0m 🚀 Changes pushed to GitHub
